<?xml version="1.0" encoding="UTF-8"?>
<testng-results skipped="0" failed="0" ignored="6" total="7" passed="1">
  <reporter-output>
  </reporter-output>
  <suite name="Default suite" duration-ms="17019" started-at="2020-10-28T07:07:51Z" finished-at="2020-10-28T07:08:08Z">
    <groups>
    </groups>
    <test name="Default test" duration-ms="17019" started-at="2020-10-28T07:07:51Z" finished-at="2020-10-28T07:08:08Z">
      <class name="actions.MouseOperations">
        <test-method status="PASS" signature="setup()[pri:0, instance:actions.MouseOperations@436a4e4b]" name="setup" is-config="true" duration-ms="7449" started-at="2020-10-28T07:07:51Z" finished-at="2020-10-28T07:07:58Z">
          <reporter-output>
          </reporter-output>
        </test-method> <!-- setup -->
        <test-method status="PASS" signature="autoSuggestion()[pri:7, instance:actions.MouseOperations@436a4e4b]" name="autoSuggestion" duration-ms="9497" started-at="2020-10-28T07:07:58Z" finished-at="2020-10-28T07:08:08Z">
          <reporter-output>
          </reporter-output>
        </test-method> <!-- autoSuggestion -->
        <test-method status="PASS" signature="tearDown()[pri:0, instance:actions.MouseOperations@436a4e4b]" name="tearDown" is-config="true" duration-ms="0" started-at="2020-10-28T07:08:08Z" finished-at="2020-10-28T07:08:08Z">
          <reporter-output>
          </reporter-output>
        </test-method> <!-- tearDown -->
      </class> <!-- actions.MouseOperations -->
    </test> <!-- Default test -->
  </suite> <!-- Default suite -->
</testng-results>
