<?xml version="1.0" encoding="UTF-8"?>
<!-- Generated by org.testng.reporters.JUnitXMLReporter -->
<testsuite hostname="DESKTOP-57DPOHQ" ignored="6" name="Default test" tests="1" failures="0" timestamp="2020-10-28T13:26:13 IST" time="18.332" errors="0">
  <testcase name="MoveToelement" time="10.996" classname="actions.MouseOperations"/>
  <testcase name="dragAnddrop" time="0.0" classname="actions.MouseOperations">
    <ignored/>
  </testcase> <!-- dragAnddrop -->
  <testcase name="autoSuggestion" time="0.0" classname="actions.MouseOperations">
    <ignored/>
  </testcase> <!-- autoSuggestion -->
  <testcase name="resizeMethod" time="0.0" classname="actions.MouseOperations">
    <ignored/>
  </testcase> <!-- resizeMethod -->
  <testcase name="slider" time="0.0" classname="actions.MouseOperations">
    <ignored/>
  </testcase> <!-- slider -->
  <testcase name="Browserslider" time="0.0" classname="actions.MouseOperations">
    <ignored/>
  </testcase> <!-- Browserslider -->
  <testcase name="rightClickMethod" time="0.0" classname="actions.MouseOperations">
    <ignored/>
  </testcase> <!-- rightClickMethod -->
</testsuite> <!-- Default test -->
