<?xml version="1.0" encoding="UTF-8"?>
<testng-results skipped="0" failed="0" ignored="0" total="2" passed="2">
  <reporter-output>
  </reporter-output>
  <suite name="Suite" duration-ms="85" started-at="2020-09-24T13:08:05 IST" finished-at="2020-09-24T13:08:05 IST">
    <groups>
    </groups>
    <test name="Test" duration-ms="85" started-at="2020-09-24T13:08:05 IST" finished-at="2020-09-24T13:08:05 IST">
      <class name="parallel.TestMethod">
        <test-method status="PASS" signature="sampleTest1()[pri:0, instance:parallel.TestMethod@6c49835d]" name="sampleTest1" duration-ms="18" started-at="2020-09-24T13:08:05 IST" finished-at="2020-09-24T13:08:05 IST">
          <reporter-output>
          </reporter-output>
        </test-method> <!-- sampleTest1 -->
        <test-method status="PASS" signature="sampleTest2()[pri:0, instance:parallel.TestMethod@6c49835d]" name="sampleTest2" duration-ms="18" started-at="2020-09-24T13:08:05 IST" finished-at="2020-09-24T13:08:05 IST">
          <reporter-output>
          </reporter-output>
        </test-method> <!-- sampleTest2 -->
      </class> <!-- parallel.TestMethod -->
    </test> <!-- Test -->
  </suite> <!-- Suite -->
</testng-results>
